Update date : Thu Apr 14 13:33:54 ICT 2022
 
 Table 'APPLICATION_USER_LOG' not found in repository
 (+) table 'APPLICATION_USER_LOG' added
 
 Table 'CLIENT_REQUEST' not found in repository
 (+) table 'CLIENT_REQUEST' added
 
 Table 'EXPORT_T3' not found in repository
 (+) table 'EXPORT_T3' added
 
 Table 'FVS_CLIENT' not found in repository
 (+) table 'FVS_CLIENT' added
 
 Table 'FVS_LOGS' not found in repository
 (+) table 'FVS_LOGS' added
 
 Table 'FV_ALL_REQUEST_PARAM' not found in repository
 (+) table 'FV_ALL_REQUEST_PARAM' added
 
 Table 'FV_ANNUAL_LEAVE' not found in repository
 (+) table 'FV_ANNUAL_LEAVE' added
 
 Table 'FV_CASE' not found in repository
 (+) table 'FV_CASE' added
 
 Table 'FV_CASE_FEEDBACK' not found in repository
 (+) table 'FV_CASE_FEEDBACK' added
 
 Table 'FV_CASE_LOG' not found in repository
 (+) table 'FV_CASE_LOG' added
 
 Table 'FV_CASE_NOTEPAD' not found in repository
 (+) table 'FV_CASE_NOTEPAD' added
 
 Table 'FV_CASE_REVIEW' not found in repository
 (+) table 'FV_CASE_REVIEW' added
 
 Table 'FV_CONTACT' not found in repository
 (+) table 'FV_CONTACT' added
 
 Table 'FV_DISTRICT' not found in repository
 (+) table 'FV_DISTRICT' added
 
 Table 'FV_DISTRICT_BK' not found in repository
 (+) table 'FV_DISTRICT_BK' added
 
 Table 'FV_FIELD' not found in repository
 (+) table 'FV_FIELD' added
 
 Table 'FV_FIELD_IMAGE_UPLOAD' not found in repository
 (+) table 'FV_FIELD_IMAGE_UPLOAD' added
 
 Table 'FV_FIELD_LOCATION' not found in repository
 (+) table 'FV_FIELD_LOCATION' added
 
 Table 'FV_HOLIDAY' not found in repository
 (+) table 'FV_HOLIDAY' added
 
 Table 'FV_LOCATION' not found in repository
 (+) table 'FV_LOCATION' added
 
 Table 'FV_MST_LOOKUP' not found in repository
 (+) table 'FV_MST_LOOKUP' added
 
 Table 'FV_NOTIFICATION' not found in repository
 (+) table 'FV_NOTIFICATION' added
 
 Table 'FV_PROMOTION' not found in repository
 (+) table 'FV_PROMOTION' added
 
 Table 'FV_PROMOTION_GROUP' not found in repository
 (+) table 'FV_PROMOTION_GROUP' added
 
 Table 'FV_PROMOTION_HIST' not found in repository
 (+) table 'FV_PROMOTION_HIST' added
 
 Table 'FV_PROVINCE' not found in repository
 (+) table 'FV_PROVINCE' added
 
 Table 'FV_REGION' not found in repository
 (+) table 'FV_REGION' added
 
 Table 'FV_ROLE' not found in repository
 (+) table 'FV_ROLE' added
 
 Table 'FV_SLA' not found in repository
 (+) table 'FV_SLA' added
 
 Table 'FV_STATUS' not found in repository
 (+) table 'FV_STATUS' added
 
 Table 'FV_SURVEY' not found in repository
 (+) table 'FV_SURVEY' added
 
 Table 'FV_USER' not found in repository
 (+) table 'FV_USER' added
 
 Table 'FV_USER_DISTRICT' not found in repository
 (+) table 'FV_USER_DISTRICT' added
 
 Table 'FV_USER_PROVINCE' not found in repository
 (+) table 'FV_USER_PROVINCE' added
 
 Table 'FV_USER_REGION' not found in repository
 (+) table 'FV_USER_REGION' added
 
 Table 'FV_VISIT_FORM' not found in repository
 (+) table 'FV_VISIT_FORM' added
 
 Table 'MBCA_USER' not found in repository
 (+) table 'MBCA_USER' added
 
 Table 'PRODUCT_TEMP' not found in repository
 (+) table 'PRODUCT_TEMP' added
 
 Table 'PROMOTION_TEMP' not found in repository
 (+) table 'PROMOTION_TEMP' added
 
 Table 'SYS_LOGS' not found in repository
 (+) table 'SYS_LOGS' added
 
 Table 'SYS_TEMP_FBT' not found in repository
 (+) table 'SYS_TEMP_FBT' added
 
 Table 'V_CONTACT_LIST' not found in repository
 (+) table 'V_CONTACT_LIST' added
 
 Table 'V_CONTACT_LIST_BY_SHIFT' not found in repository
 (+) table 'V_CONTACT_LIST_BY_SHIFT' added
 
 Table 'V_FVS_RPT_USER_MONTHLY' not found in repository
 (+) table 'V_FVS_RPT_USER_MONTHLY' added
 
 Table 'V_FV_RESULT' not found in repository
 (+) table 'V_FV_RESULT' added
 
 Table 'V_FV_SURVEY' not found in repository
 (+) table 'V_FV_SURVEY' added
